<?xml version="1.0" encoding="UTF-8"?>
<testng-results ignored="0" total="1" passed="1" failed="0" skipped="0">
  <reporter-output>
  </reporter-output>
  <suite started-at="2022-12-10T00:44:04 ICT" name="Default suite" finished-at="2022-12-10T00:44:13 ICT" duration-ms="8378">
    <groups>
    </groups>
    <test started-at="2022-12-10T00:44:04 ICT" name="Default test" finished-at="2022-12-10T00:44:13 ICT" duration-ms="8378">
      <class name="com.paulhammant.ngwebdriver.AngularAndWebDriverTest">
        <test-method is-config="true" signature="before_suite()[pri:0, instance:com.paulhammant.ngwebdriver.AngularAndWebDriverTest@2d710f1a]" started-at="2022-12-10T00:44:03 ICT" name="before_suite" finished-at="2022-12-10T00:44:04 ICT" duration-ms="1106" status="PASS">
          <reporter-output>
          </reporter-output>
        </test-method> <!-- before_suite -->
        <test-method is-config="true" signature="resetBrowser()[pri:0, instance:com.paulhammant.ngwebdriver.AngularAndWebDriverTest@2d710f1a]" started-at="2022-12-10T00:44:04 ICT" name="resetBrowser" finished-at="2022-12-10T00:44:04 ICT" duration-ms="8" status="PASS">
          <reporter-output>
          </reporter-output>
        </test-method> <!-- resetBrowser -->
        <test-method signature="model_mutation_and_query_is_possible()[pri:1, instance:com.paulhammant.ngwebdriver.AngularAndWebDriverTest@2d710f1a]" started-at="2022-12-10T00:44:04 ICT" name="model_mutation_and_query_is_possible" finished-at="2022-12-10T00:44:13 ICT" duration-ms="8355" status="PASS">
          <reporter-output>
          </reporter-output>
        </test-method> <!-- model_mutation_and_query_is_possible -->
        <test-method is-config="true" signature="after_suite()[pri:0, instance:com.paulhammant.ngwebdriver.AngularAndWebDriverTest@2d710f1a]" started-at="2022-12-10T00:44:13 ICT" name="after_suite" finished-at="2022-12-10T00:44:13 ICT" duration-ms="73" status="PASS">
          <reporter-output>
          </reporter-output>
        </test-method> <!-- after_suite -->
      </class> <!-- com.paulhammant.ngwebdriver.AngularAndWebDriverTest -->
    </test> <!-- Default test -->
  </suite> <!-- Default suite -->
</testng-results>
